2023-08-06 04:03:21.386880 - Initialized conversion of CBT433
2023-08-06 04:03:22.483383 - Received CBT.V505.FILE433.PDS from FILE433.XMI 
2023-08-06 04:03:22.485901 - Found $$$#DATE.txt (text/plain) in CBT.V505.FILE433.PDS, moved to PDS/$$$#DATE
2023-08-06 04:03:22.486906 - Found $$JFORM.rexx (text/plain) in CBT.V505.FILE433.PDS, moved to PDS/$$JFORM
2023-08-06 04:03:22.487930 - Found #EXAMPLE.txt (text/plain) in CBT.V505.FILE433.PDS, moved to PDS/#EXAMPLE
2023-08-06 04:03:22.488978 - Found #INDEX.txt (text/plain) in CBT.V505.FILE433.PDS, moved to PDS/#INDEX
2023-08-06 04:03:22.489851 - Found @@README.txt (text/plain) in CBT.V505.FILE433.PDS, moved to PDS/@@README
2023-08-06 04:03:22.490696 - Found @FILE433.txt (text/plain) in CBT.V505.FILE433.PDS, moved to PDS/@FILE433
2023-08-06 04:03:22.491543 - Found ACQ.rexx (text/plain) in CBT.V505.FILE433.PDS, moved to PDS/ACQ
2023-08-06 04:03:22.492365 - Found ADDCMDS.rexx (text/plain) in CBT.V505.FILE433.PDS, moved to PDS/ADDCMDS
2023-08-06 04:03:22.493204 - Found ALIST.rexx (text/plain) in CBT.V505.FILE433.PDS, moved to PDS/ALIST
2023-08-06 04:03:22.494117 - Found ATTACH.rexx (text/plain) in CBT.V505.FILE433.PDS, moved to PDS/ATTACH
2023-08-06 04:03:22.494932 - Found BLOX.rexx (text/plain) in CBT.V505.FILE433.PDS, moved to PDS/BLOX
2023-08-06 04:03:22.495746 - Found CMDUPD.rexx (text/plain) in CBT.V505.FILE433.PDS, moved to PDS/CMDUPD
2023-08-06 04:03:22.496793 - Found COMBINE.rexx (text/plain) in CBT.V505.FILE433.PDS, moved to PDS/COMBINE
2023-08-06 04:03:22.498081 - Found COMMANDS.rexx (text/plain) in CBT.V505.FILE433.PDS, moved to PDS/COMMANDS
2023-08-06 04:03:22.498948 - Found CRYPTED.rexx (text/plain) in CBT.V505.FILE433.PDS, moved to PDS/CRYPTED
2023-08-06 04:03:22.499803 - Found DC.rexx (text/plain) in CBT.V505.FILE433.PDS, moved to PDS/DC
2023-08-06 04:03:22.500641 - Found DEIMBED.txt (text/plain) in CBT.V505.FILE433.PDS, moved to PDS/DEIMBED
2023-08-06 04:03:22.501539 - Found DFLTTLIB.rexx (text/plain) in CBT.V505.FILE433.PDS, moved to PDS/DFLTTLIB
2023-08-06 04:03:22.502445 - Found DIRSTATS.rexx (text/plain) in CBT.V505.FILE433.PDS, moved to PDS/DIRSTATS
2023-08-06 04:03:22.503306 - Found DSPROF.rexx (text/plain) in CBT.V505.FILE433.PDS, moved to PDS/DSPROF
2023-08-06 04:03:22.504190 - Found DSVCSI.rexx (text/plain) in CBT.V505.FILE433.PDS, moved to PDS/DSVCSI
2023-08-06 04:03:22.505097 - Found DUP.rexx (text/plain) in CBT.V505.FILE433.PDS, moved to PDS/DUP
2023-08-06 04:03:22.506131 - Found EDBR.rexx (text/plain) in CBT.V505.FILE433.PDS, moved to PDS/EDBR
2023-08-06 04:03:22.507053 - Found FCCMDUPD.rexx (text/plain) in CBT.V505.FILE433.PDS, moved to PDS/FCCMDUPD
2023-08-06 04:03:22.507952 - Found FCXREF.rexx (text/plain) in CBT.V505.FILE433.PDS, moved to PDS/FCXREF
2023-08-06 04:03:22.508831 - Found FINDORIG.txt (text/plain) in CBT.V505.FILE433.PDS, moved to PDS/FINDORIG
2023-08-06 04:03:22.509784 - Found FIRSTIME.rexx (text/plain) in CBT.V505.FILE433.PDS, moved to PDS/FIRSTIME
2023-08-06 04:03:22.510705 - Found FIXSTATS.rexx (text/plain) in CBT.V505.FILE433.PDS, moved to PDS/FIXSTATS
2023-08-06 04:03:22.511591 - Found FIXTBL.rexx (text/plain) in CBT.V505.FILE433.PDS, moved to PDS/FIXTBL
2023-08-06 04:03:22.512451 - Found FLTTBL.rexx (text/plain) in CBT.V505.FILE433.PDS, moved to PDS/FLTTBL
2023-08-06 04:03:22.513346 - Found FSMSG.rexx (text/plain) in CBT.V505.FILE433.PDS, moved to PDS/FSMSG
2023-08-06 04:03:22.514382 - Found GENCARD.rexx (text/plain) in CBT.V505.FILE433.PDS, moved to PDS/GENCARD
2023-08-06 04:03:22.515238 - Found GETIA.rexx (text/plain) in CBT.V505.FILE433.PDS, moved to PDS/GETIA
2023-08-06 04:03:22.516121 - Found HSMLIST.rexx (text/plain) in CBT.V505.FILE433.PDS, moved to PDS/HSMLIST
2023-08-06 04:03:22.517101 - Found IDENT.rexx (text/plain) in CBT.V505.FILE433.PDS, moved to PDS/IDENT
2023-08-06 04:03:22.517950 - Found ISOLATE.rexx (text/plain) in CBT.V505.FILE433.PDS, moved to PDS/ISOLATE
2023-08-06 04:03:22.518842 - Found JFORM.rexx (text/plain) in CBT.V505.FILE433.PDS, moved to PDS/JFORM
2023-08-06 04:03:22.519706 - Found JOBCARDS.rexx (text/plain) in CBT.V505.FILE433.PDS, moved to PDS/JOBCARDS
2023-08-06 04:03:22.519715 - Found KBR.bin containing application/octet-stream, moved to PDS/KBR
2023-08-06 04:03:22.521522 - Found KED.rexx (text/plain) in CBT.V505.FILE433.PDS, moved to PDS/KED
2023-08-06 04:03:22.521531 - Found KVW.bin containing application/octet-stream, moved to PDS/KVW
2023-08-06 04:03:22.523475 - Found LA.rexx (text/plain) in CBT.V505.FILE433.PDS, moved to PDS/LA
2023-08-06 04:03:22.524278 - Found LDOW.rexx (text/plain) in CBT.V505.FILE433.PDS, moved to PDS/LDOW
2023-08-06 04:03:22.525131 - Found LISTCSUM.rexx (text/plain) in CBT.V505.FILE433.PDS, moved to PDS/LISTCSUM
2023-08-06 04:03:22.526169 - Found LOADKEYS.rexx (text/plain) in CBT.V505.FILE433.PDS, moved to PDS/LOADKEYS
2023-08-06 04:03:22.526994 - Found MAKEPARA.rexx (text/plain) in CBT.V505.FILE433.PDS, moved to PDS/MAKEPARA
2023-08-06 04:03:22.527805 - Found MDEL.rexx (text/plain) in CBT.V505.FILE433.PDS, moved to PDS/MDEL
2023-08-06 04:03:22.528622 - Found MEMBERS.rexx (text/plain) in CBT.V505.FILE433.PDS, moved to PDS/MEMBERS
2023-08-06 04:03:22.529607 - Found MEMIDX.rexx (text/plain) in CBT.V505.FILE433.PDS, moved to PDS/MEMIDX
2023-08-06 04:03:22.530576 - Found MIGRATE.rexx (text/plain) in CBT.V505.FILE433.PDS, moved to PDS/MIGRATE
2023-08-06 04:03:22.531473 - Found MREN.rexx (text/plain) in CBT.V505.FILE433.PDS, moved to PDS/MREN
2023-08-06 04:03:22.532437 - Found MTHLIM.rexx (text/plain) in CBT.V505.FILE433.PDS, moved to PDS/MTHLIM
2023-08-06 04:03:22.533383 - Found NOOP.rexx (text/plain) in CBT.V505.FILE433.PDS, moved to PDS/NOOP
2023-08-06 04:03:22.534441 - Found OUTDENTS.rexx (text/plain) in CBT.V505.FILE433.PDS, moved to PDS/OUTDENTS
2023-08-06 04:03:22.535425 - Found PACKING.txt (text/plain) in CBT.V505.FILE433.PDS, moved to PDS/PACKING
2023-08-06 04:03:22.536425 - Found PDSCOPYD.rexx (text/plain) in CBT.V505.FILE433.PDS, moved to PDS/PDSCOPYD
2023-08-06 04:03:22.537361 - Found PDS2SEQ.rexx (text/plain) in CBT.V505.FILE433.PDS, moved to PDS/PDS2SEQ
2023-08-06 04:03:22.538312 - Found PERMCLAS.rexx (text/plain) in CBT.V505.FILE433.PDS, moved to PDS/PERMCLAS
2023-08-06 04:03:22.539288 - Found POPINDX.rexx (text/plain) in CBT.V505.FILE433.PDS, moved to PDS/POPINDX
2023-08-06 04:03:22.540150 - Found POSIT.rexx (text/plain) in CBT.V505.FILE433.PDS, moved to PDS/POSIT
2023-08-06 04:03:22.541031 - Found PROFILES.rexx (text/plain) in CBT.V505.FILE433.PDS, moved to PDS/PROFILES
2023-08-06 04:03:22.542011 - Found PROFVARS.rexx (text/plain) in CBT.V505.FILE433.PDS, moved to PDS/PROFVARS
2023-08-06 04:03:22.542890 - Found QPWEXP.rexx (text/plain) in CBT.V505.FILE433.PDS, moved to PDS/QPWEXP
2023-08-06 04:03:22.543750 - Found REALIAS.rexx (text/plain) in CBT.V505.FILE433.PDS, moved to PDS/REALIAS
2023-08-06 04:03:22.544584 - Found REXXIA.rexx (text/plain) in CBT.V505.FILE433.PDS, moved to PDS/REXXIA
2023-08-06 04:03:22.545449 - Found REXXSKEL.rexx (text/plain) in CBT.V505.FILE433.PDS, moved to PDS/REXXSKEL
2023-08-06 04:03:22.546322 - Found RSTTBL.rexx (text/plain) in CBT.V505.FILE433.PDS, moved to PDS/RSTTBL
2023-08-06 04:03:22.547285 - Found RUNDATA.rexx (text/plain) in CBT.V505.FILE433.PDS, moved to PDS/RUNDATA
2023-08-06 04:03:22.548260 - Found RUNEXEC.rexx (text/plain) in CBT.V505.FILE433.PDS, moved to PDS/RUNEXEC
2023-08-06 04:03:22.549152 - Found SAYVAR.rexx (text/plain) in CBT.V505.FILE433.PDS, moved to PDS/SAYVAR
2023-08-06 04:03:22.550094 - Found SCHED.rexx (text/plain) in CBT.V505.FILE433.PDS, moved to PDS/SCHED
2023-08-06 04:03:22.551013 - Found SCRAM.rexx (text/plain) in CBT.V505.FILE433.PDS, moved to PDS/SCRAM
2023-08-06 04:03:22.551023 - Found SEESTATS.bin containing application/octet-stream, moved to PDS/SEESTATS
2023-08-06 04:03:22.552704 - Found SEIZE.rexx (text/plain) in CBT.V505.FILE433.PDS, moved to PDS/SEIZE
2023-08-06 04:03:22.553618 - Found SELMATCH.rexx (text/plain) in CBT.V505.FILE433.PDS, moved to PDS/SELMATCH
2023-08-06 04:03:22.554653 - Found SEQ2PDS.rexx (text/plain) in CBT.V505.FILE433.PDS, moved to PDS/SEQ2PDS
2023-08-06 04:03:22.555601 - Found SETALIAS.rexx (text/plain) in CBT.V505.FILE433.PDS, moved to PDS/SETALIAS
2023-08-06 04:03:22.556561 - Found SETEPROF.rexx (text/plain) in CBT.V505.FILE433.PDS, moved to PDS/SETEPROF
2023-08-06 04:03:22.557443 - Found SETREFS.rexx (text/plain) in CBT.V505.FILE433.PDS, moved to PDS/SETREFS
2023-08-06 04:03:22.558318 - Found SHORTRX.rexx (text/plain) in CBT.V505.FILE433.PDS, moved to PDS/SHORTRX
2023-08-06 04:03:22.559201 - Found SHOWFLOW.rexx (text/plain) in CBT.V505.FILE433.PDS, moved to PDS/SHOWFLOW
2023-08-06 04:03:22.560102 - Found SHOWME.rexx (text/plain) in CBT.V505.FILE433.PDS, moved to PDS/SHOWME
2023-08-06 04:03:22.560930 - Found SORTCMDS.rexx (text/plain) in CBT.V505.FILE433.PDS, moved to PDS/SORTCMDS
2023-08-06 04:03:22.561776 - Found SQRT.rexx (text/plain) in CBT.V505.FILE433.PDS, moved to PDS/SQRT
2023-08-06 04:03:22.561785 - Found STAKBROW.bin containing application/octet-stream, moved to PDS/STAKBROW
2023-08-06 04:03:22.563529 - Found STAKEDIT.rexx (text/plain) in CBT.V505.FILE433.PDS, moved to PDS/STAKEDIT
2023-08-06 04:03:22.563538 - Found STAKVIEW.bin containing application/octet-stream, moved to PDS/STAKVIEW
2023-08-06 04:03:22.565257 - Found STEPS.rexx (text/plain) in CBT.V505.FILE433.PDS, moved to PDS/STEPS
2023-08-06 04:03:22.566207 - Found STRLEN.rexx (text/plain) in CBT.V505.FILE433.PDS, moved to PDS/STRLEN
2023-08-06 04:03:22.567101 - Found STRSORT.rexx (text/plain) in CBT.V505.FILE433.PDS, moved to PDS/STRSORT
2023-08-06 04:03:22.568039 - Found SUPBR.rexx (text/plain) in CBT.V505.FILE433.PDS, moved to PDS/SUPBR
2023-08-06 04:03:22.569002 - Found SUPED.rexx (text/plain) in CBT.V505.FILE433.PDS, moved to PDS/SUPED
2023-08-06 04:03:22.569876 - Found SYMDEFS.rexx (text/plain) in CBT.V505.FILE433.PDS, moved to PDS/SYMDEFS
2023-08-06 04:03:22.570752 - Found SYSAMON.rexx (text/plain) in CBT.V505.FILE433.PDS, moved to PDS/SYSAMON
2023-08-06 04:03:22.571587 - Found SYSUMON.rexx (text/plain) in CBT.V505.FILE433.PDS, moved to PDS/SYSUMON
2023-08-06 04:03:22.572394 - Found SYSVARS.rexx (text/plain) in CBT.V505.FILE433.PDS, moved to PDS/SYSVARS
2023-08-06 04:03:22.572403 - Found TAGSTATS.bin containing application/octet-stream, moved to PDS/TAGSTATS
2023-08-06 04:03:22.574254 - Found TBCOPY.rexx (text/plain) in CBT.V505.FILE433.PDS, moved to PDS/TBCOPY
2023-08-06 04:03:22.575238 - Found TBLGEN.rexx (text/plain) in CBT.V505.FILE433.PDS, moved to PDS/TBLGEN
2023-08-06 04:03:22.576288 - Found TBLMSTR.rexx (text/plain) in CBT.V505.FILE433.PDS, moved to PDS/TBLMSTR
2023-08-06 04:03:22.577311 - Found TBLOOK.rexx (text/plain) in CBT.V505.FILE433.PDS, moved to PDS/TBLOOK
2023-08-06 04:03:22.578231 - Found TEXAMU.rexx (text/plain) in CBT.V505.FILE433.PDS, moved to PDS/TEXAMU
2023-08-06 04:03:22.579175 - Found TRAPOUT.rexx (text/plain) in CBT.V505.FILE433.PDS, moved to PDS/TRAPOUT
2023-08-06 04:03:22.579988 - Found TSOHELP.rexx (text/x-diff) in CBT.V505.FILE433.PDS, moved to PDS/TSOHELP
2023-08-06 04:03:22.580832 - Found UPDSTAT.rexx (text/plain) in CBT.V505.FILE433.PDS, moved to PDS/UPDSTAT
2023-08-06 04:03:22.581873 - Found VCX.rexx (text/plain) in CBT.V505.FILE433.PDS, moved to PDS/VCX
2023-08-06 04:03:22.582798 - Found VWBR.rexx (text/plain) in CBT.V505.FILE433.PDS, moved to PDS/VWBR
2023-08-06 04:03:22.583752 - Found WB.rexx (text/plain) in CBT.V505.FILE433.PDS, moved to PDS/WB
2023-08-06 04:03:22.584568 - Found WBNAME.rexx (text/plain) in CBT.V505.FILE433.PDS, moved to PDS/WBNAME
